<?xml version="1.0" encoding="UTF-8"?>
<!-- Generated by org.testng.reporters.JUnitReportReporter -->
<testsuite skipped="0" hostname="Biz4sol-56" name="NGpackage.NewTest" tests="1" failures="0" timestamp="03 Jul 2019 12:18:55 GMT" time="7.059" errors="0">
  <testcase name="VerifyTitle" time="7.059" classname="NGpackage.NewTest"/>
</testsuite> <!-- NGpackage.NewTest -->
