<?xml version="1.0" encoding="UTF-8"?>
<!-- Generated by org.testng.reporters.JUnitReportReporter -->
<testsuite skipped="0" hostname="Biz4sol-56" name="Testng.RegistrationTest" tests="1" failures="0" timestamp="03 Jul 2019 07:01:06 GMT" time="6.299" errors="0">
  <testcase name="testRegister" time="6.299" classname="Testng.RegistrationTest"/>
</testsuite> <!-- Testng.RegistrationTest -->
